#
# There is insufficient memory for the Java Runtime Environment to continue.
# Native memory allocation (malloc) failed to allocate 1023056 bytes for Chunk::new
# Possible reasons:
#   The system is out of physical RAM or swap space
#   The process is running with CompressedOops enabled, and the Java Heap may be blocking the growth of the native heap
# Possible solutions:
#   Reduce memory load on the system
#   Increase physical memory or swap space
#   Check if swap backing store is full
#   Decrease Java heap size (-Xmx/-Xms)
#   Decrease number of Java threads
#   Decrease Java thread stack sizes (-Xss)
#   Set larger code cache with -XX:ReservedCodeCacheSize=
#   JVM is running with Unscaled Compressed Oops mode in which the Java heap is
#     placed in the first 4GB address space. The Java Heap base address is the
#     maximum limit for the native heap growth. Please use -XX:HeapBaseMinAddress
#     to set the Java Heap base and to place the Java Heap above 4GB virtual address.
# This output file may be truncated or incomplete.
#
#  Out of Memory Error (arena.cpp:189), pid=56416, tid=68308
#
# JRE version: Java(TM) SE Runtime Environment (17.0.12+8) (build 17.0.12+8-LTS-286)
# Java VM: Java HotSpot(TM) 64-Bit Server VM (17.0.12+8-LTS-286, mixed mode, sharing, tiered, compressed oops, compressed class ptrs, g1 gc, windows-amd64)
# No core dump will be written. Minidumps are not enabled by default on client versions of Windows
#

---------------  S U M M A R Y ------------

Command Line: org.jetbrains.kotlin.cli.jvm.K2JVMCompiler @C:\Users\dell\AndroidStudioProjects\QuickBiteFinalProject\app\build\20251123_8691752436243408911.compiler.options

Host: Intel(R) Core(TM) i5-10210U CPU @ 1.60GHz, 8 cores, 7G,  Windows 11 , 64 bit Build 22621 (10.0.22621.5415)
Time: Sun Nov 23 14:26:32 2025 Malay Peninsula Standard Time elapsed time: 24.170015 seconds (0d 0h 0m 24s)

---------------  T H R E A D  ---------------

Current thread (0x0000015b7bc31c70):  JavaThread "C2 CompilerThread0" daemon [_thread_in_native, id=68308, stack(0x0000000771600000,0x0000000771700000)]


Current CompileTask:
C2:  24170 7897       4       org.jetbrains.kotlin.fir.resolve.inference.ConstraintSystemCompleterKt::processCandidatesAndPostponedAtomsInOrderImpl (400 bytes)

Stack: [0x0000000771600000,0x0000000771700000]
Native frames: (J=compiled Java code, j=interpreted, Vv=VM code, C=native code)
V  [jvm.dll+0x67a04a]
V  [jvm.dll+0x7da4ed]
V  [jvm.dll+0x7dbe33]
V  [jvm.dll+0x7dc4a3]
V  [jvm.dll+0x24508f]
V  [jvm.dll+0xab773]
V  [jvm.dll+0xabd3c]
V  [jvm.dll+0x2aa52f]
V  [jvm.dll+0x581eb9]
V  [jvm.dll+0x21f422]
V  [jvm.dll+0x21837b]
V  [jvm.dll+0x215b65]
V  [jvm.dll+0x1a2960]
V  [jvm.dll+0x22610b]
V  [jvm.dll+0x2242ab]
V  [jvm.dll+0x79075c]
V  [jvm.dll+0x78abea]
V  [jvm.dll+0x678f35]
C  [ucrtbase.dll+0x29333]
C  [KERNEL32.DLL+0x1259d]
C  [ntdll.dll+0x5af78]


---------------  P R O C E S S  ---------------

Threads class SMR info:
_java_thread_list=0x0000015b45235250, length=12, elements={
0x0000015b5dcf18e0, 0x0000015b7bc13cc0, 0x0000015b7bc14940, 0x0000015b7bc2c520,
0x0000015b7bc2de00, 0x0000015b7bc306f0, 0x0000015b7bc30fc0, 0x0000015b7bc31c70,
0x0000015b7bc32630, 0x0000015b7bc34f50, 0x0000015b45232100, 0x0000015b45236890
}

Java Threads: ( => current thread )
  0x0000015b5dcf18e0 JavaThread "main" [_thread_in_Java, id=54084, stack(0x0000000770900000,0x0000000770a00000)]
  0x0000015b7bc13cc0 JavaThread "Reference Handler" daemon [_thread_blocked, id=60116, stack(0x0000000771000000,0x0000000771100000)]
  0x0000015b7bc14940 JavaThread "Finalizer" daemon [_thread_blocked, id=31300, stack(0x0000000771100000,0x0000000771200000)]
  0x0000015b7bc2c520 JavaThread "Signal Dispatcher" daemon [_thread_blocked, id=70740, stack(0x0000000771200000,0x0000000771300000)]
  0x0000015b7bc2de00 JavaThread "Attach Listener" daemon [_thread_blocked, id=55720, stack(0x0000000771300000,0x0000000771400000)]
  0x0000015b7bc306f0 JavaThread "Service Thread" daemon [_thread_blocked, id=10312, stack(0x0000000771400000,0x0000000771500000)]
  0x0000015b7bc30fc0 JavaThread "Monitor Deflation Thread" daemon [_thread_blocked, id=3276, stack(0x0000000771500000,0x0000000771600000)]
=>0x0000015b7bc31c70 JavaThread "C2 CompilerThread0" daemon [_thread_in_native, id=68308, stack(0x0000000771600000,0x0000000771700000)]
  0x0000015b7bc32630 JavaThread "C1 CompilerThread0" daemon [_thread_in_native, id=78812, stack(0x0000000771700000,0x0000000771800000)]
  0x0000015b7bc34f50 JavaThread "Sweeper thread" daemon [_thread_in_vm, id=82756, stack(0x0000000771800000,0x0000000771900000)]
  0x0000015b45232100 JavaThread "Notification Thread" daemon [_thread_blocked, id=54364, stack(0x0000000771900000,0x0000000771a00000)]
  0x0000015b45236890 JavaThread "Common-Cleaner" daemon [_thread_blocked, id=52868, stack(0x0000000771b00000,0x0000000771c00000)]

Other Threads:
  0x0000015b7bc101c0 VMThread "VM Thread" [stack: 0x0000000770f00000,0x0000000771000000] [id=12312]
  0x0000015b45236600 WatcherThread [stack: 0x0000000771a00000,0x0000000771b00000] [id=66120]
  0x0000015b5dd4f0d0 GCTaskThread "GC Thread#0" [stack: 0x0000000770a00000,0x0000000770b00000] [id=67872]
  0x0000015b456fbf60 GCTaskThread "GC Thread#1" [stack: 0x0000000771c00000,0x0000000771d00000] [id=64144]
  0x0000015b456fc220 GCTaskThread "GC Thread#2" [stack: 0x0000000771d00000,0x0000000771e00000] [id=53340]
  0x0000015b456fc4e0 GCTaskThread "GC Thread#3" [stack: 0x0000000771e00000,0x0000000771f00000] [id=45072]
  0x0000015b45817f80 GCTaskThread "GC Thread#4" [stack: 0x0000000771f00000,0x0000000772000000] [id=52416]
  0x0000015b45946830 GCTaskThread "GC Thread#5" [stack: 0x0000000772000000,0x0000000772100000] [id=16268]
  0x0000015b45496cb0 GCTaskThread "GC Thread#6" [stack: 0x0000000772100000,0x0000000772200000] [id=37288]
  0x0000015b451d5b60 GCTaskThread "GC Thread#7" [stack: 0x0000000772200000,0x0000000772300000] [id=49824]
  0x0000015b5dd5f860 ConcurrentGCThread "G1 Main Marker" [stack: 0x0000000770b00000,0x0000000770c00000] [id=53300]
  0x0000015b5dd60910 ConcurrentGCThread "G1 Conc#0" [stack: 0x0000000770c00000,0x0000000770d00000] [id=44860]
  0x0000015b46550d80 ConcurrentGCThread "G1 Conc#1" [stack: 0x0000000772300000,0x0000000772400000] [id=32676]
  0x0000015b5ddbd0a0 ConcurrentGCThread "G1 Refine#0" [stack: 0x0000000770d00000,0x0000000770e00000] [id=84708]
  0x0000015b46522eb0 ConcurrentGCThread "G1 Refine#1" [stack: 0x0000000772400000,0x0000000772500000] [id=51980]
  0x0000015b5ddbe9e0 ConcurrentGCThread "G1 Service" [stack: 0x0000000770e00000,0x0000000770f00000] [id=57772]

Threads with active compile tasks:
C2 CompilerThread0    24217 7897       4       org.jetbrains.kotlin.fir.resolve.inference.ConstraintSystemCompleterKt::processCandidatesAndPostponedAtomsInOrderImpl (400 bytes)

VM state: not at safepoint (normal execution)

VM Mutex/Monitor currently owned by a thread:  ([mutex/lock_event])
[0x0000015b5dcecc90] CompiledIC_lock - owner thread: 0x0000015b7bc34f50

Heap address: 0x0000000083a00000, size: 1990 MB, Compressed Oops mode: 32-bit

CDS archive(s) mapped at: [0x0000015b00000000-0x0000015b00bd0000-0x0000015b00bd0000), size 12386304, SharedBaseAddress: 0x0000015b00000000, ArchiveRelocationMode: 1.
Compressed class space mapped at: 0x0000015b01000000-0x0000015b41000000, reserved size: 1073741824
Narrow klass base: 0x0000015b00000000, Narrow klass shift: 0, Narrow klass range: 0x100000000

GC Precious Log:
 CPUs: 8 total, 8 available
 Memory: 7952M
 Large Page Support: Disabled
 NUMA Support: Disabled
 Compressed Oops: Enabled (32-bit)
 Heap Region Size: 1M
 Heap Min Capacity: 8M
 Heap Initial Capacity: 126M
 Heap Max Capacity: 1990M
 Pre-touch: Disabled
 Parallel Workers: 8
 Concurrent Workers: 2
 Concurrent Refinement Workers: 8
 Periodic GC: Disabled

Heap:
 garbage-first heap   total 157696K, used 90008K [0x0000000083a00000, 0x0000000100000000)
  region size 1024K, 17 young (17408K), 6 survivors (6144K)
 Metaspace       used 47703K, committed 48000K, reserved 1114112K
  class space    used 5461K, committed 5632K, reserved 1048576K

Heap Regions: E=young(eden), S=young(survivor), O=old, HS=humongous(starts), HC=humongous(continues), CS=collection set, F=free, OA=open archive, CA=closed archive, TAMS=top-at-mark-start (previous, next)
|   0|0x0000000083a00000, 0x0000000083b00000, 0x0000000083b00000|100%|HS|  |TAMS 0x0000000083b00000, 0x0000000083a00000| Complete 
|   1|0x0000000083b00000, 0x0000000083c00000, 0x0000000083c00000|100%|HC|  |TAMS 0x0000000083c00000, 0x0000000083b00000| Complete 
|   2|0x0000000083c00000, 0x0000000083d00000, 0x0000000083d00000|100%|HC|  |TAMS 0x0000000083d00000, 0x0000000083c00000| Complete 
|   3|0x0000000083d00000, 0x0000000083e00000, 0x0000000083e00000|100%| O|  |TAMS 0x0000000083e00000, 0x0000000083d00000| Untracked 
|   4|0x0000000083e00000, 0x0000000083f00000, 0x0000000083f00000|100%| O|  |TAMS 0x0000000083f00000, 0x0000000083e00000| Untracked 
|   5|0x0000000083f00000, 0x0000000084000000, 0x0000000084000000|100%| O|  |TAMS 0x0000000084000000, 0x0000000083f00000| Untracked 
|   6|0x0000000084000000, 0x00000000840e6200, 0x0000000084100000| 89%| O|  |TAMS 0x00000000840e6200, 0x0000000084000000| Untracked 
|   7|0x0000000084100000, 0x0000000084200000, 0x0000000084200000|100%| O|  |TAMS 0x0000000084200000, 0x0000000084100000| Untracked 
|   8|0x0000000084200000, 0x0000000084300000, 0x0000000084300000|100%| O|  |TAMS 0x0000000084300000, 0x0000000084200000| Untracked 
|   9|0x0000000084300000, 0x0000000084400000, 0x0000000084400000|100%| O|  |TAMS 0x0000000084400000, 0x0000000084300000| Untracked 
|  10|0x0000000084400000, 0x0000000084500000, 0x0000000084500000|100%| O|  |TAMS 0x0000000084500000, 0x0000000084400000| Untracked 
|  11|0x0000000084500000, 0x0000000084600000, 0x0000000084600000|100%| O|  |TAMS 0x0000000084600000, 0x0000000084500000| Untracked 
|  12|0x0000000084600000, 0x0000000084700000, 0x0000000084700000|100%| O|  |TAMS 0x0000000084700000, 0x0000000084600000| Untracked 
|  13|0x0000000084700000, 0x0000000084800000, 0x0000000084800000|100%| O|  |TAMS 0x0000000084800000, 0x0000000084700000| Untracked 
|  14|0x0000000084800000, 0x0000000084900000, 0x0000000084900000|100%| O|  |TAMS 0x0000000084900000, 0x0000000084800000| Untracked 
|  15|0x0000000084900000, 0x0000000084a00000, 0x0000000084a00000|100%| O|  |TAMS 0x0000000084a00000, 0x0000000084900000| Untracked 
|  16|0x0000000084a00000, 0x0000000084b00000, 0x0000000084b00000|100%| O|  |TAMS 0x0000000084b00000, 0x0000000084a00000| Untracked 
|  17|0x0000000084b00000, 0x0000000084c00000, 0x0000000084c00000|100%| O|  |TAMS 0x0000000084c00000, 0x0000000084b00000| Untracked 
|  18|0x0000000084c00000, 0x0000000084d00000, 0x0000000084d00000|100%| O|  |TAMS 0x0000000084d00000, 0x0000000084c00000| Untracked 
|  19|0x0000000084d00000, 0x0000000084e00000, 0x0000000084e00000|100%| O|  |TAMS 0x0000000084e00000, 0x0000000084d00000| Untracked 
|  20|0x0000000084e00000, 0x0000000084f00000, 0x0000000084f00000|100%| O|  |TAMS 0x0000000084f00000, 0x0000000084e00000| Untracked 
|  21|0x0000000084f00000, 0x0000000085000000, 0x0000000085000000|100%| O|  |TAMS 0x0000000085000000, 0x0000000084f00000| Untracked 
|  22|0x0000000085000000, 0x0000000085100000, 0x0000000085100000|100%| O|  |TAMS 0x0000000085100000, 0x0000000085000000| Untracked 
|  23|0x0000000085100000, 0x0000000085200000, 0x0000000085200000|100%| O|  |TAMS 0x0000000085200000, 0x0000000085100000| Untracked 
|  24|0x0000000085200000, 0x0000000085300000, 0x0000000085300000|100%| O|  |TAMS 0x0000000085300000, 0x0000000085200000| Untracked 
|  25|0x0000000085300000, 0x0000000085400000, 0x0000000085400000|100%| O|  |TAMS 0x0000000085400000, 0x0000000085300000| Untracked 
|  26|0x0000000085400000, 0x0000000085500000, 0x0000000085500000|100%| O|  |TAMS 0x0000000085500000, 0x0000000085400000| Untracked 
|  27|0x0000000085500000, 0x0000000085600000, 0x0000000085600000|100%| O|  |TAMS 0x0000000085600000, 0x0000000085500000| Untracked 
|  28|0x0000000085600000, 0x0000000085700000, 0x0000000085700000|100%| O|  |TAMS 0x0000000085700000, 0x0000000085600000| Untracked 
|  29|0x0000000085700000, 0x0000000085800000, 0x0000000085800000|100%| O|  |TAMS 0x0000000085800000, 0x0000000085700000| Untracked 
|  30|0x0000000085800000, 0x0000000085900000, 0x0000000085900000|100%| O|  |TAMS 0x0000000085900000, 0x0000000085800000| Untracked 
|  31|0x0000000085900000, 0x0000000085a00000, 0x0000000085a00000|100%| O|  |TAMS 0x0000000085a00000, 0x0000000085900000| Untracked 
|  32|0x0000000085a00000, 0x0000000085b00000, 0x0000000085b00000|100%| O|  |TAMS 0x0000000085b00000, 0x0000000085a00000| Untracked 
|  33|0x0000000085b00000, 0x0000000085c00000, 0x0000000085c00000|100%| O|  |TAMS 0x0000000085c00000, 0x0000000085b00000| Untracked 
|  34|0x0000000085c00000, 0x0000000085d00000, 0x0000000085d00000|100%| O|  |TAMS 0x0000000085d00000, 0x0000000085c00000| Untracked 
|  35|0x0000000085d00000, 0x0000000085e00000, 0x0000000085e00000|100%| O|  |TAMS 0x0000000085e00000, 0x0000000085d00000| Untracked 
|  36|0x0000000085e00000, 0x0000000085f00000, 0x0000000085f00000|100%|HS|  |TAMS 0x0000000085f00000, 0x0000000085e00000| Complete 
|  37|0x0000000085f00000, 0x0000000086000000, 0x0000000086000000|100%| O|  |TAMS 0x0000000086000000, 0x0000000085f00000| Untracked 
|  38|0x0000000086000000, 0x0000000086100000, 0x0000000086100000|100%| O|  |TAMS 0x0000000086100000, 0x0000000086000000| Untracked 
|  39|0x0000000086100000, 0x0000000086200000, 0x0000000086200000|100%| O|  |TAMS 0x0000000086200000, 0x0000000086100000| Untracked 
|  40|0x0000000086200000, 0x0000000086300000, 0x0000000086300000|100%| O|  |TAMS 0x0000000086280000, 0x0000000086200000| Untracked 
|  41|0x0000000086300000, 0x0000000086400000, 0x0000000086400000|100%| O|  |TAMS 0x0000000086300000, 0x0000000086300000| Untracked 
|  42|0x0000000086400000, 0x0000000086500000, 0x0000000086500000|100%| O|  |TAMS 0x0000000086400000, 0x0000000086400000| Untracked 
|  43|0x0000000086500000, 0x0000000086600000, 0x0000000086600000|100%| O|  |TAMS 0x0000000086500000, 0x0000000086500000| Untracked 
|  44|0x0000000086600000, 0x0000000086700000, 0x0000000086700000|100%| O|  |TAMS 0x0000000086600000, 0x0000000086600000| Untracked 
|  45|0x0000000086700000, 0x0000000086800000, 0x0000000086800000|100%| O|  |TAMS 0x0000000086700000, 0x0000000086700000| Untracked 
|  46|0x0000000086800000, 0x0000000086900000, 0x0000000086900000|100%| O|  |TAMS 0x0000000086800000, 0x0000000086800000| Untracked 
|  47|0x0000000086900000, 0x0000000086a00000, 0x0000000086a00000|100%| O|  |TAMS 0x0000000086900000, 0x0000000086900000| Untracked 
|  48|0x0000000086a00000, 0x0000000086b00000, 0x0000000086b00000|100%| O|  |TAMS 0x0000000086a00000, 0x0000000086a00000| Untracked 
|  49|0x0000000086b00000, 0x0000000086c00000, 0x0000000086c00000|100%| O|  |TAMS 0x0000000086b00000, 0x0000000086b00000| Untracked 
|  50|0x0000000086c00000, 0x0000000086d00000, 0x0000000086d00000|100%| O|  |TAMS 0x0000000086c00000, 0x0000000086c00000| Untracked 
|  51|0x0000000086d00000, 0x0000000086e00000, 0x0000000086e00000|100%| O|  |TAMS 0x0000000086d00000, 0x0000000086d00000| Untracked 
|  52|0x0000000086e00000, 0x0000000086f00000, 0x0000000086f00000|100%| O|  |TAMS 0x0000000086e00000, 0x0000000086e00000| Untracked 
|  53|0x0000000086f00000, 0x0000000087000000, 0x0000000087000000|100%| O|  |TAMS 0x0000000086f00000, 0x0000000086f00000| Untracked 
|  54|0x0000000087000000, 0x0000000087100000, 0x0000000087100000|100%| O|  |TAMS 0x0000000087000000, 0x0000000087000000| Untracked 
|  55|0x0000000087100000, 0x0000000087200000, 0x0000000087200000|100%| O|  |TAMS 0x0000000087100000, 0x0000000087100000| Untracked 
|  56|0x0000000087200000, 0x0000000087300000, 0x0000000087300000|100%| O|  |TAMS 0x0000000087200000, 0x0000000087200000| Untracked 
|  57|0x0000000087300000, 0x0000000087400000, 0x0000000087400000|100%| O|  |TAMS 0x0000000087300000, 0x0000000087300000| Untracked 
|  58|0x0000000087400000, 0x0000000087500000, 0x0000000087500000|100%| O|  |TAMS 0x0000000087400000, 0x0000000087400000| Untracked 
|  59|0x0000000087500000, 0x0000000087600000, 0x0000000087600000|100%| O|  |TAMS 0x0000000087500000, 0x0000000087500000| Untracked 
|  60|0x0000000087600000, 0x0000000087700000, 0x0000000087700000|100%| O|  |TAMS 0x0000000087600000, 0x0000000087600000| Untracked 
|  61|0x0000000087700000, 0x0000000087800000, 0x0000000087800000|100%| O|  |TAMS 0x0000000087700000, 0x0000000087700000| Untracked 
|  62|0x0000000087800000, 0x0000000087900000, 0x0000000087900000|100%| O|  |TAMS 0x0000000087800000, 0x0000000087800000| Untracked 
|  63|0x0000000087900000, 0x0000000087a00000, 0x0000000087a00000|100%| O|  |TAMS 0x0000000087900000, 0x0000000087900000| Untracked 
|  64|0x0000000087a00000, 0x0000000087b00000, 0x0000000087b00000|100%| O|  |TAMS 0x0000000087a00000, 0x0000000087a00000| Untracked 
|  65|0x0000000087b00000, 0x0000000087c00000, 0x0000000087c00000|100%| O|  |TAMS 0x0000000087b00000, 0x0000000087b00000| Untracked 
|  66|0x0000000087c00000, 0x0000000087d00000, 0x0000000087d00000|100%| O|  |TAMS 0x0000000087c00000, 0x0000000087c00000| Untracked 
|  67|0x0000000087d00000, 0x0000000087e00000, 0x0000000087e00000|100%| O|  |TAMS 0x0000000087d00000, 0x0000000087d00000| Untracked 
|  68|0x0000000087e00000, 0x0000000087f00000, 0x0000000087f00000|100%| O|  |TAMS 0x0000000087e00000, 0x0000000087e00000| Untracked 
|  69|0x0000000087f00000, 0x0000000088000000, 0x0000000088000000|100%| O|  |TAMS 0x0000000087f00000, 0x0000000087f00000| Untracked 
|  70|0x0000000088000000, 0x0000000088100000, 0x0000000088100000|100%| O|  |TAMS 0x0000000088000000, 0x0000000088000000| Untracked 
|  71|0x0000000088100000, 0x0000000088200000, 0x0000000088200000|100%| O|  |TAMS 0x0000000088100000, 0x0000000088100000| Untracked 
|  72|0x0000000088200000, 0x0000000088200000, 0x0000000088300000|  0%| F|  |TAMS 0x0000000088200000, 0x0000000088200000| Untracked 
|  73|0x0000000088300000, 0x0000000088300000, 0x0000000088400000|  0%| F|  |TAMS 0x0000000088300000, 0x0000000088300000| Untracked 
|  74|0x0000000088400000, 0x0000000088400000, 0x0000000088500000|  0%| F|  |TAMS 0x0000000088400000, 0x0000000088400000| Untracked 
|  75|0x0000000088500000, 0x0000000088500000, 0x0000000088600000|  0%| F|  |TAMS 0x0000000088500000, 0x0000000088500000| Untracked 
|  76|0x0000000088600000, 0x0000000088600000, 0x0000000088700000|  0%| F|  |TAMS 0x0000000088600000, 0x0000000088600000| Untracked 
|  77|0x0000000088700000, 0x0000000088700000, 0x0000000088800000|  0%| F|  |TAMS 0x0000000088700000, 0x0000000088700000| Untracked 
|  78|0x0000000088800000, 0x0000000088800000, 0x0000000088900000|  0%| F|  |TAMS 0x0000000088800000, 0x0000000088800000| Untracked 
|  79|0x0000000088900000, 0x0000000088900000, 0x0000000088a00000|  0%| F|  |TAMS 0x0000000088900000, 0x0000000088900000| Untracked 
|  80|0x0000000088a00000, 0x0000000088a00000, 0x0000000088b00000|  0%| F|  |TAMS 0x0000000088a00000, 0x0000000088a00000| Untracked 
|  81|0x0000000088b00000, 0x0000000088b00000, 0x0000000088c00000|  0%| F|  |TAMS 0x0000000088b00000, 0x0000000088b00000| Untracked 
|  82|0x0000000088c00000, 0x0000000088c00000, 0x0000000088d00000|  0%| F|  |TAMS 0x0000000088c00000, 0x0000000088c00000| Untracked 
|  83|0x0000000088d00000, 0x0000000088d00000, 0x0000000088e00000|  0%| F|  |TAMS 0x0000000088d00000, 0x0000000088d00000| Untracked 
|  84|0x0000000088e00000, 0x0000000088e00000, 0x0000000088f00000|  0%| F|  |TAMS 0x0000000088e00000, 0x0000000088e00000| Untracked 
|  85|0x0000000088f00000, 0x0000000088f00000, 0x0000000089000000|  0%| F|  |TAMS 0x0000000088f00000, 0x0000000088f00000| Untracked 
|  86|0x0000000089000000, 0x0000000089000000, 0x0000000089100000|  0%| F|  |TAMS 0x0000000089000000, 0x0000000089000000| Untracked 
|  87|0x0000000089100000, 0x0000000089100000, 0x0000000089200000|  0%| F|  |TAMS 0x0000000089100000, 0x0000000089100000| Untracked 
|  88|0x0000000089200000, 0x0000000089200000, 0x0000000089300000|  0%| F|  |TAMS 0x0000000089200000, 0x0000000089200000| Untracked 
|  89|0x0000000089300000, 0x0000000089300000, 0x0000000089400000|  0%| F|  |TAMS 0x0000000089300000, 0x0000000089300000| Untracked 
|  90|0x0000000089400000, 0x0000000089400000, 0x0000000089500000|  0%| F|  |TAMS 0x0000000089400000, 0x0000000089400000| Untracked 
|  91|0x0000000089500000, 0x0000000089500000, 0x0000000089600000|  0%| F|  |TAMS 0x0000000089500000, 0x0000000089500000| Untracked 
|  92|0x0000000089600000, 0x0000000089600000, 0x0000000089700000|  0%| F|  |TAMS 0x0000000089600000, 0x0000000089600000| Untracked 
|  93|0x0000000089700000, 0x0000000089700000, 0x0000000089800000|  0%| F|  |TAMS 0x0000000089700000, 0x0000000089700000| Untracked 
|  94|0x0000000089800000, 0x0000000089800000, 0x0000000089900000|  0%| F|  |TAMS 0x0000000089800000, 0x0000000089800000| Untracked 
|  95|0x0000000089900000, 0x0000000089900000, 0x0000000089a00000|  0%| F|  |TAMS 0x0000000089900000, 0x0000000089900000| Untracked 
|  96|0x0000000089a00000, 0x0000000089a00000, 0x0000000089b00000|  0%| F|  |TAMS 0x0000000089a00000, 0x0000000089a00000| Untracked 
|  97|0x0000000089b00000, 0x0000000089b00000, 0x0000000089c00000|  0%| F|  |TAMS 0x0000000089b00000, 0x0000000089b00000| Untracked 
|  98|0x0000000089c00000, 0x0000000089c00000, 0x0000000089d00000|  0%| F|  |TAMS 0x0000000089c00000, 0x0000000089c00000| Untracked 
|  99|0x0000000089d00000, 0x0000000089d00000, 0x0000000089e00000|  0%| F|  |TAMS 0x0000000089d00000, 0x0000000089d00000| Untracked 
| 100|0x0000000089e00000, 0x0000000089e00000, 0x0000000089f00000|  0%| F|  |TAMS 0x0000000089e00000, 0x0000000089e00000| Untracked 
| 101|0x0000000089f00000, 0x0000000089f00000, 0x000000008a000000|  0%| F|  |TAMS 0x0000000089f00000, 0x0000000089f00000| Untracked 
| 102|0x000000008a000000, 0x000000008a000000, 0x000000008a100000|  0%| F|  |TAMS 0x000000008a000000, 0x000000008a000000| Untracked 
| 103|0x000000008a100000, 0x000000008a200000, 0x000000008a200000|100%| S|CS|TAMS 0x000000008a100000, 0x000000008a100000| Complete 
| 104|0x000000008a200000, 0x000000008a300000, 0x000000008a300000|100%| S|CS|TAMS 0x000000008a200000, 0x000000008a200000| Complete 
| 105|0x000000008a300000, 0x000000008a400000, 0x000000008a400000|100%| S|CS|TAMS 0x000000008a300000, 0x000000008a300000| Complete 
| 106|0x000000008a400000, 0x000000008a400000, 0x000000008a500000|  0%| F|  |TAMS 0x000000008a400000, 0x000000008a400000| Untracked 
| 107|0x000000008a500000, 0x000000008a500000, 0x000000008a600000|  0%| F|  |TAMS 0x000000008a500000, 0x000000008a500000| Untracked 
| 108|0x000000008a600000, 0x000000008a600000, 0x000000008a700000|  0%| F|  |TAMS 0x000000008a600000, 0x000000008a600000| Untracked 
| 109|0x000000008a700000, 0x000000008a800000, 0x000000008a800000|100%| S|CS|TAMS 0x000000008a700000, 0x000000008a700000| Complete 
| 110|0x000000008a800000, 0x000000008a900000, 0x000000008a900000|100%| S|CS|TAMS 0x000000008a800000, 0x000000008a800000| Complete 
| 111|0x000000008a900000, 0x000000008aa00000, 0x000000008aa00000|100%| S|CS|TAMS 0x000000008a900000, 0x000000008a900000| Complete 
| 112|0x000000008aa00000, 0x000000008aa00000, 0x000000008ab00000|  0%| F|  |TAMS 0x000000008aa00000, 0x000000008aa00000| Untracked 
| 113|0x000000008ab00000, 0x000000008ab00000, 0x000000008ac00000|  0%| F|  |TAMS 0x000000008ab00000, 0x000000008ab00000| Untracked 
| 114|0x000000008ac00000, 0x000000008ac00000, 0x000000008ad00000|  0%| F|  |TAMS 0x000000008ac00000, 0x000000008ac00000| Untracked 
| 115|0x000000008ad00000, 0x000000008ad00000, 0x000000008ae00000|  0%| F|  |TAMS 0x000000008ad00000, 0x000000008ad00000| Untracked 
| 116|0x000000008ae00000, 0x000000008ae00000, 0x000000008af00000|  0%| F|  |TAMS 0x000000008ae00000, 0x000000008ae00000| Untracked 
| 117|0x000000008af00000, 0x000000008af00000, 0x000000008b000000|  0%| F|  |TAMS 0x000000008af00000, 0x000000008af00000| Untracked 
| 118|0x000000008b000000, 0x000000008b000000, 0x000000008b100000|  0%| F|  |TAMS 0x000000008b000000, 0x000000008b000000| Untracked 
| 119|0x000000008b100000, 0x000000008b100000, 0x000000008b200000|  0%| F|  |TAMS 0x000000008b100000, 0x000000008b100000| Untracked 
| 120|0x000000008b200000, 0x000000008b200000, 0x000000008b300000|  0%| F|  |TAMS 0x000000008b200000, 0x000000008b200000| Untracked 
| 121|0x000000008b300000, 0x000000008b300000, 0x000000008b400000|  0%| F|  |TAMS 0x000000008b300000, 0x000000008b300000| Untracked 
| 122|0x000000008b400000, 0x000000008b400000, 0x000000008b500000|  0%| F|  |TAMS 0x000000008b400000, 0x000000008b400000| Untracked 
| 123|0x000000008b500000, 0x000000008b500000, 0x000000008b600000|  0%| F|  |TAMS 0x000000008b500000, 0x000000008b500000| Untracked 
| 124|0x000000008b600000, 0x000000008b600000, 0x000000008b700000|  0%| F|  |TAMS 0x000000008b600000, 0x000000008b600000| Untracked 
| 125|0x000000008b700000, 0x000000008b700000, 0x000000008b800000|  0%| F|  |TAMS 0x000000008b700000, 0x000000008b700000| Untracked 
| 126|0x000000008b800000, 0x000000008b800000, 0x000000008b900000|  0%| F|  |TAMS 0x000000008b800000, 0x000000008b800000| Untracked 
| 127|0x000000008b900000, 0x000000008b900000, 0x000000008ba00000|  0%| F|  |TAMS 0x000000008b900000, 0x000000008b900000| Untracked 
| 128|0x000000008ba00000, 0x000000008ba00000, 0x000000008bb00000|  0%| F|  |TAMS 0x000000008ba00000, 0x000000008ba00000| Untracked 
| 129|0x000000008bb00000, 0x000000008bb00000, 0x000000008bc00000|  0%| F|  |TAMS 0x000000008bb00000, 0x000000008bb00000| Untracked 
| 130|0x000000008bc00000, 0x000000008bc00000, 0x000000008bd00000|  0%| F|  |TAMS 0x000000008bc00000, 0x000000008bc00000| Untracked 
| 131|0x000000008bd00000, 0x000000008bd00000, 0x000000008be00000|  0%| F|  |TAMS 0x000000008bd00000, 0x000000008bd00000| Untracked 
| 132|0x000000008be00000, 0x000000008be00000, 0x000000008bf00000|  0%| F|  |TAMS 0x000000008be00000, 0x000000008be00000| Untracked 
| 133|0x000000008bf00000, 0x000000008bf00000, 0x000000008c000000|  0%| F|  |TAMS 0x000000008bf00000, 0x000000008bf00000| Untracked 
| 134|0x000000008c000000, 0x000000008c000000, 0x000000008c100000|  0%| F|  |TAMS 0x000000008c000000, 0x000000008c000000| Untracked 
| 135|0x000000008c100000, 0x000000008c100000, 0x000000008c200000|  0%| F|  |TAMS 0x000000008c100000, 0x000000008c100000| Untracked 
| 136|0x000000008c200000, 0x000000008c200000, 0x000000008c300000|  0%| F|  |TAMS 0x000000008c200000, 0x000000008c200000| Untracked 
| 137|0x000000008c300000, 0x000000008c300000, 0x000000008c400000|  0%| F|  |TAMS 0x000000008c300000, 0x000000008c300000| Untracked 
| 138|0x000000008c400000, 0x000000008c400000, 0x000000008c500000|  0%| F|  |TAMS 0x000000008c400000, 0x000000008c400000| Untracked 
| 139|0x000000008c500000, 0x000000008c500000, 0x000000008c600000|  0%| F|  |TAMS 0x000000008c500000, 0x000000008c500000| Untracked 
| 140|0x000000008c600000, 0x000000008c600000, 0x000000008c700000|  0%| F|  |TAMS 0x000000008c600000, 0x000000008c600000| Untracked 
| 141|0x000000008c700000, 0x000000008c700000, 0x000000008c800000|  0%| F|  |TAMS 0x000000008c700000, 0x000000008c700000| Untracked 
| 142|0x000000008c800000, 0x000000008c800000, 0x000000008c900000|  0%| F|  |TAMS 0x000000008c800000, 0x000000008c800000| Untracked 
| 143|0x000000008c900000, 0x000000008ca00000, 0x000000008ca00000|100%| E|  |TAMS 0x000000008c900000, 0x000000008c900000| Complete 
| 144|0x000000008ca00000, 0x000000008cb00000, 0x000000008cb00000|100%| E|CS|TAMS 0x000000008ca00000, 0x000000008ca00000| Complete 
| 145|0x000000008cb00000, 0x000000008cc00000, 0x000000008cc00000|100%| E|CS|TAMS 0x000000008cb00000, 0x000000008cb00000| Complete 
| 146|0x000000008cc00000, 0x000000008cd00000, 0x000000008cd00000|100%| E|CS|TAMS 0x000000008cc00000, 0x000000008cc00000| Complete 
| 147|0x000000008cd00000, 0x000000008ce00000, 0x000000008ce00000|100%| E|CS|TAMS 0x000000008cd00000, 0x000000008cd00000| Complete 
| 148|0x000000008ce00000, 0x000000008cf00000, 0x000000008cf00000|100%| E|CS|TAMS 0x000000008ce00000, 0x000000008ce00000| Complete 
| 149|0x000000008cf00000, 0x000000008d000000, 0x000000008d000000|100%| E|CS|TAMS 0x000000008cf00000, 0x000000008cf00000| Complete 
| 150|0x000000008d000000, 0x000000008d100000, 0x000000008d100000|100%| E|CS|TAMS 0x000000008d000000, 0x000000008d000000| Complete 
| 151|0x000000008d100000, 0x000000008d200000, 0x000000008d200000|100%| E|CS|TAMS 0x000000008d100000, 0x000000008d100000| Complete 
| 152|0x000000008d200000, 0x000000008d300000, 0x000000008d300000|100%| E|CS|TAMS 0x000000008d200000, 0x000000008d200000| Complete 
| 153|0x000000008d300000, 0x000000008d400000, 0x000000008d400000|100%| E|CS|TAMS 0x000000008d300000, 0x000000008d300000| Complete 

Card table byte_map: [0x0000015b74cd0000,0x0000015b750c0000] _byte_map_base: 0x0000015b748b3000

Marking Bits (Prev, Next): (CMBitMap*) 0x0000015b5dd4f5f0, (CMBitMap*) 0x0000015b5dd4f630
 Prev Bits: [0x0000015b754b0000, 0x0000015b773c8000)
 Next Bits: [0x0000015b773d0000, 0x0000015b792e8000)

Polling page: 0x0000015b5bca0000

Metaspace:

Usage:
  Non-class:     41.25 MB used.
      Class:      5.33 MB used.
       Both:     46.59 MB used.

Virtual space:
  Non-class space:       64.00 MB reserved,      41.38 MB ( 65%) committed,  1 nodes.
      Class space:        1.00 GB reserved,       5.50 MB ( <1%) committed,  1 nodes.
             Both:        1.06 GB reserved,      46.88 MB (  4%) committed. 

Chunk freelists:
   Non-Class:  5.33 MB
       Class:  10.55 MB
        Both:  15.88 MB

MaxMetaspaceSize: unlimited
CompressedClassSpaceSize: 1.00 GB
Initial GC threshold: 21.00 MB
Current GC threshold: 65.31 MB
CDS: on
MetaspaceReclaimPolicy: balanced
 - commit_granule_bytes: 65536.
 - commit_granule_words: 8192.
 - virtual_space_node_default_size: 8388608.
 - enlarge_chunks_in_place: 1.
 - new_chunks_are_fully_committed: 0.
 - uncommit_free_chunks: 1.
 - use_allocation_guard: 0.
 - handle_deallocations: 1.


Internal statistics:

num_allocs_failed_limit: 6.
num_arena_births: 270.
num_arena_deaths: 0.
num_vsnodes_births: 2.
num_vsnodes_deaths: 0.
num_space_committed: 749.
num_space_uncommitted: 0.
num_chunks_returned_to_freelist: 6.
num_chunks_taken_from_freelist: 1928.
num_chunk_merges: 6.
num_chunk_splits: 1573.
num_chunks_enlarged: 1420.
num_inconsistent_stats: 0.

CodeHeap 'non-profiled nmethods': size=120000Kb used=3023Kb max_used=3023Kb free=116976Kb
 bounds [0x0000015b6d080000, 0x0000015b6d380000, 0x0000015b745b0000]
CodeHeap 'profiled nmethods': size=120000Kb used=19923Kb max_used=19923Kb free=100076Kb
 bounds [0x0000015b655b0000, 0x0000015b66930000, 0x0000015b6cae0000]
CodeHeap 'non-nmethods': size=5760Kb used=1325Kb max_used=1379Kb free=4435Kb
 bounds [0x0000015b6cae0000, 0x0000015b6cd50000, 0x0000015b6d080000]
 total_blobs=7809 nmethods=7162 adapters=557
 compilation: enabled
              stopped_count=0, restarted_count=0
 full_count=0

Compilation events (20 events):
Event: 24.142 Thread 0x0000015b7bc32630 7984       3       org.jetbrains.kotlin.fir.resolve.calls.stages.CheckLowPriorityInOverloadResolution::check (94 bytes)
Event: 24.143 Thread 0x0000015b7bc32630 nmethod 7984 0x0000015b668fb210 code [0x0000015b668fb500, 0x0000015b668fc8c8]
Event: 24.143 Thread 0x0000015b7bc32630 7985       3       org.jetbrains.kotlin.fir.resolve.calls.stages.ProcessDynamicExtensionAnnotation::check (133 bytes)
Event: 24.144 Thread 0x0000015b7bc32630 nmethod 7985 0x0000015b668fce10 code [0x0000015b668fd1c0, 0x0000015b668fe8c8]
Event: 24.144 Thread 0x0000015b7bc32630 7986       3       org.jetbrains.kotlin.fir.resolve.calls.stages.LowerPriorityIfDynamic::check (76 bytes)
Event: 24.145 Thread 0x0000015b7bc32630 nmethod 7986 0x0000015b668ff010 code [0x0000015b668ff260, 0x0000015b668ffc68]
Event: 24.145 Thread 0x0000015b7bc32630 7987       3       org.jetbrains.kotlin.fir.resolve.calls.stages.TypeParameterAsCallable::check (94 bytes)
Event: 24.146 Thread 0x0000015b7bc32630 nmethod 7987 0x0000015b668fff10 code [0x0000015b66900200, 0x0000015b66901248]
Event: 24.146 Thread 0x0000015b7bc32630 7988       3       org.jetbrains.kotlin.fir.resolve.calls.stages.TypeVariablesInExplicitReceivers::check (141 bytes)
Event: 24.147 Thread 0x0000015b7bc32630 nmethod 7988 0x0000015b66901810 code [0x0000015b66901b20, 0x0000015b66902ae8]
Event: 24.147 Thread 0x0000015b7bc32630 7989       2       org.jetbrains.kotlin.fir.scopes.FirTypeScopeKt$processOverriddenFunctions$1::invoke (17 bytes)
Event: 24.148 Thread 0x0000015b7bc32630 nmethod 7989 0x0000015b66903010 code [0x0000015b66903280, 0x0000015b66903968]
Event: 24.148 Thread 0x0000015b7bc32630 7982       2       org.jetbrains.kotlin.fir.resolve.calls.ConstructorProcessingKt$getSingleVisibleClassifier$$inlined$processClassifiersByName$1::invoke (16 bytes)
Event: 24.148 Thread 0x0000015b7bc32630 nmethod 7982 0x0000015b66903d90 code [0x0000015b66903fc0, 0x0000015b669044e8]
Event: 24.148 Thread 0x0000015b7bc32630 7983       2       org.jetbrains.kotlin.fir.resolve.calls.ConstructorProcessingKt$getSingleVisibleClassifier$$inlined$processClassifiersByName$1::invoke (24 bytes)
Event: 24.148 Thread 0x0000015b7bc32630 nmethod 7983 0x0000015b66904810 code [0x0000015b66904a40, 0x0000015b66904ec8]
Event: 24.156 Thread 0x0000015b7bc32630 7990       3       org.jetbrains.kotlin.fir.resolve.calls.stages.MapArguments::check (234 bytes)
Event: 24.158 Thread 0x0000015b7bc32630 nmethod 7990 0x0000015b66905190 code [0x0000015b66905540, 0x0000015b66906eb8]
Event: 24.161 Thread 0x0000015b7bc32630 7991       1       org.jetbrains.kotlin.kotlinx.collections.immutable.implementations.immutableMap.PersistentHashMapBuilder::setOperationResult$kotlinx_collections_immutable (6 bytes)
Event: 24.161 Thread 0x0000015b7bc32630 nmethod 7991 0x0000015b6d372490 code [0x0000015b6d372620, 0x0000015b6d372738]

GC Heap History (20 events):
Event: 13.717 GC heap before
{Heap before GC invocations=6 (full 0):
 garbage-first heap   total 61440K, used 37784K [0x0000000083a00000, 0x0000000100000000)
  region size 1024K, 21 young (21504K), 4 survivors (4096K)
 Metaspace       used 35868K, committed 36096K, reserved 1114112K
  class space    used 4410K, committed 4544K, reserved 1048576K
}
Event: 13.727 GC heap after
{Heap after GC invocations=7 (full 0):
 garbage-first heap   total 61440K, used 24436K [0x0000000083a00000, 0x0000000100000000)
  region size 1024K, 2 young (2048K), 2 survivors (2048K)
 Metaspace       used 35868K, committed 36096K, reserved 1114112K
  class space    used 4410K, committed 4544K, reserved 1048576K
}
Event: 14.312 GC heap before
{Heap before GC invocations=8 (full 0):
 garbage-first heap   total 61440K, used 45940K [0x0000000083a00000, 0x0000000100000000)
  region size 1024K, 23 young (23552K), 2 survivors (2048K)
 Metaspace       used 38521K, committed 38784K, reserved 1114112K
  class space    used 4682K, committed 4800K, reserved 1048576K
}
Event: 14.324 GC heap after
{Heap after GC invocations=9 (full 0):
 garbage-first heap   total 61440K, used 29284K [0x0000000083a00000, 0x0000000100000000)
  region size 1024K, 3 young (3072K), 3 survivors (3072K)
 Metaspace       used 38521K, committed 38784K, reserved 1114112K
  class space    used 4682K, committed 4800K, reserved 1048576K
}
Event: 14.609 GC heap before
{Heap before GC invocations=9 (full 0):
 garbage-first heap   total 61440K, used 46692K [0x0000000083a00000, 0x0000000100000000)
  region size 1024K, 20 young (20480K), 3 survivors (3072K)
 Metaspace       used 39617K, committed 39872K, reserved 1114112K
  class space    used 4772K, committed 4928K, reserved 1048576K
}
Event: 14.629 GC heap after
{Heap after GC invocations=10 (full 0):
 garbage-first heap   total 61440K, used 33305K [0x0000000083a00000, 0x0000000100000000)
  region size 1024K, 3 young (3072K), 3 survivors (3072K)
 Metaspace       used 39617K, committed 39872K, reserved 1114112K
  class space    used 4772K, committed 4928K, reserved 1048576K
}
Event: 14.733 GC heap before
{Heap before GC invocations=10 (full 0):
 garbage-first heap   total 61440K, used 45593K [0x0000000083a00000, 0x0000000100000000)
  region size 1024K, 16 young (16384K), 3 survivors (3072K)
 Metaspace       used 39750K, committed 40000K, reserved 1114112K
  class space    used 4774K, committed 4928K, reserved 1048576K
}
Event: 14.742 GC heap after
{Heap after GC invocations=11 (full 0):
 garbage-first heap   total 61440K, used 38547K [0x0000000083a00000, 0x0000000100000000)
  region size 1024K, 2 young (2048K), 2 survivors (2048K)
 Metaspace       used 39750K, committed 40000K, reserved 1114112K
  class space    used 4774K, committed 4928K, reserved 1048576K
}
Event: 14.814 GC heap before
{Heap before GC invocations=12 (full 0):
 garbage-first heap   total 68608K, used 48787K [0x0000000083a00000, 0x0000000100000000)
  region size 1024K, 11 young (11264K), 2 survivors (2048K)
 Metaspace       used 39809K, committed 40128K, reserved 1114112K
  class space    used 4776K, committed 4928K, reserved 1048576K
}
Event: 14.821 GC heap after
{Heap after GC invocations=13 (full 0):
 garbage-first heap   total 68608K, used 43416K [0x0000000083a00000, 0x0000000100000000)
  region size 1024K, 2 young (2048K), 2 survivors (2048K)
 Metaspace       used 39809K, committed 40128K, reserved 1114112K
  class space    used 4776K, committed 4928K, reserved 1048576K
}
Event: 14.853 GC heap before
{Heap before GC invocations=13 (full 0):
 garbage-first heap   total 68608K, used 52632K [0x0000000083a00000, 0x0000000100000000)
  region size 1024K, 11 young (11264K), 2 survivors (2048K)
 Metaspace       used 39810K, committed 40128K, reserved 1114112K
  class space    used 4776K, committed 4928K, reserved 1048576K
}
Event: 14.861 GC heap after
{Heap after GC invocations=14 (full 0):
 garbage-first heap   total 157696K, used 47000K [0x0000000083a00000, 0x0000000100000000)
  region size 1024K, 2 young (2048K), 2 survivors (2048K)
 Metaspace       used 39810K, committed 40128K, reserved 1114112K
  class space    used 4776K, committed 4928K, reserved 1048576K
}
Event: 21.013 GC heap before
{Heap before GC invocations=15 (full 0):
 garbage-first heap   total 157696K, used 99224K [0x0000000083a00000, 0x0000000100000000)
  region size 1024K, 53 young (54272K), 2 survivors (2048K)
 Metaspace       used 44114K, committed 44416K, reserved 1114112K
  class space    used 5283K, committed 5440K, reserved 1048576K
}
Event: 21.046 GC heap after
{Heap after GC invocations=16 (full 0):
 garbage-first heap   total 157696K, used 57515K [0x0000000083a00000, 0x0000000100000000)
  region size 1024K, 7 young (7168K), 7 survivors (7168K)
 Metaspace       used 44114K, committed 44416K, reserved 1114112K
  class space    used 5283K, committed 5440K, reserved 1048576K
}
Event: 22.187 GC heap before
{Heap before GC invocations=16 (full 0):
 garbage-first heap   total 157696K, used 105643K [0x0000000083a00000, 0x0000000100000000)
  region size 1024K, 55 young (56320K), 7 survivors (7168K)
 Metaspace       used 45774K, committed 46144K, reserved 1114112K
  class space    used 5394K, committed 5568K, reserved 1048576K
}
Event: 22.213 GC heap after
{Heap after GC invocations=17 (full 0):
 garbage-first heap   total 157696K, used 66033K [0x0000000083a00000, 0x0000000100000000)
  region size 1024K, 7 young (7168K), 7 survivors (7168K)
 Metaspace       used 45774K, committed 46144K, reserved 1114112K
  class space    used 5394K, committed 5568K, reserved 1048576K
}
Event: 23.135 GC heap before
{Heap before GC invocations=17 (full 0):
 garbage-first heap   total 157696K, used 112113K [0x0000000083a00000, 0x0000000100000000)
  region size 1024K, 52 young (53248K), 7 survivors (7168K)
 Metaspace       used 47021K, committed 47296K, reserved 1114112K
  class space    used 5429K, committed 5568K, reserved 1048576K
}
Event: 23.153 GC heap after
{Heap after GC invocations=18 (full 0):
 garbage-first heap   total 157696K, used 73512K [0x0000000083a00000, 0x0000000100000000)
  region size 1024K, 7 young (7168K), 7 survivors (7168K)
 Metaspace       used 47021K, committed 47296K, reserved 1114112K
  class space    used 5429K, committed 5568K, reserved 1048576K
}
Event: 23.934 GC heap before
{Heap before GC invocations=18 (full 0):
 garbage-first heap   total 157696K, used 116520K [0x0000000083a00000, 0x0000000100000000)
  region size 1024K, 49 young (50176K), 7 survivors (7168K)
 Metaspace       used 47577K, committed 47872K, reserved 1114112K
  class space    used 5461K, committed 5632K, reserved 1048576K
}
Event: 23.955 GC heap after
{Heap after GC invocations=19 (full 0):
 garbage-first heap   total 157696K, used 79768K [0x0000000083a00000, 0x0000000100000000)
  region size 1024K, 6 young (6144K), 6 survivors (6144K)
 Metaspace       used 47577K, committed 47872K, reserved 1114112K
  class space    used 5461K, committed 5632K, reserved 1048576K
}

Deoptimization events (20 events):
Event: 23.399 Thread 0x0000015b5dcf18e0 Uncommon trap: trap_request=0xffffff45 fr.pc=0x0000015b6d0d2688 relative=0x00000000000002a8
Event: 23.399 Thread 0x0000015b5dcf18e0 Uncommon trap: reason=unstable_if action=reinterpret pc=0x0000015b6d0d2688 method=org.jetbrains.kotlin.fir.types.ConeInferenceContext.containsInternal(Lorg/jetbrains/kotlin/types/model/KotlinTypeMarker;Lkotlin/jvm/functions/Function1;)Z @ 80 c2
Event: 23.399 Thread 0x0000015b5dcf18e0 DEOPT PACKING pc=0x0000015b6d0d2688 sp=0x00000007709fafa0
Event: 23.399 Thread 0x0000015b5dcf18e0 DEOPT UNPACKING pc=0x0000015b6cb323a3 sp=0x00000007709faf10 mode 2
Event: 23.958 Thread 0x0000015b5dcf18e0 Uncommon trap: trap_request=0xffffff66 fr.pc=0x0000015b6d366b04 relative=0x0000000000001484
Event: 23.958 Thread 0x0000015b5dcf18e0 Uncommon trap: reason=speculate_class_check action=maybe_recompile pc=0x0000015b6d366b04 method=org.jetbrains.kotlin.fir.types.ConeInferenceContext.typeDepth(Lorg/jetbrains/kotlin/types/model/KotlinTypeMarker;)I @ 10 c2
Event: 23.958 Thread 0x0000015b5dcf18e0 DEOPT PACKING pc=0x0000015b6d366b04 sp=0x00000007709fa560
Event: 23.958 Thread 0x0000015b5dcf18e0 DEOPT UNPACKING pc=0x0000015b6cb323a3 sp=0x00000007709fa458 mode 2
Event: 23.958 Thread 0x0000015b5dcf18e0 Uncommon trap: trap_request=0xffffff66 fr.pc=0x0000015b6d366b04 relative=0x0000000000001484
Event: 23.958 Thread 0x0000015b5dcf18e0 Uncommon trap: reason=speculate_class_check action=maybe_recompile pc=0x0000015b6d366b04 method=org.jetbrains.kotlin.fir.types.ConeInferenceContext.typeDepth(Lorg/jetbrains/kotlin/types/model/KotlinTypeMarker;)I @ 10 c2
Event: 23.958 Thread 0x0000015b5dcf18e0 DEOPT PACKING pc=0x0000015b6d366b04 sp=0x00000007709fa560
Event: 23.958 Thread 0x0000015b5dcf18e0 DEOPT UNPACKING pc=0x0000015b6cb323a3 sp=0x00000007709fa458 mode 2
Event: 23.958 Thread 0x0000015b5dcf18e0 Uncommon trap: trap_request=0xffffff66 fr.pc=0x0000015b6d366b04 relative=0x0000000000001484
Event: 23.958 Thread 0x0000015b5dcf18e0 Uncommon trap: reason=speculate_class_check action=maybe_recompile pc=0x0000015b6d366b04 method=org.jetbrains.kotlin.fir.types.ConeInferenceContext.typeDepth(Lorg/jetbrains/kotlin/types/model/KotlinTypeMarker;)I @ 10 c2
Event: 23.958 Thread 0x0000015b5dcf18e0 DEOPT PACKING pc=0x0000015b6d366b04 sp=0x00000007709fa560
Event: 23.958 Thread 0x0000015b5dcf18e0 DEOPT UNPACKING pc=0x0000015b6cb323a3 sp=0x00000007709fa458 mode 2
Event: 23.958 Thread 0x0000015b5dcf18e0 Uncommon trap: trap_request=0xffffff66 fr.pc=0x0000015b6d366b04 relative=0x0000000000001484
Event: 23.958 Thread 0x0000015b5dcf18e0 Uncommon trap: reason=speculate_class_check action=maybe_recompile pc=0x0000015b6d366b04 method=org.jetbrains.kotlin.fir.types.ConeInferenceContext.typeDepth(Lorg/jetbrains/kotlin/types/model/KotlinTypeMarker;)I @ 10 c2
Event: 23.958 Thread 0x0000015b5dcf18e0 DEOPT PACKING pc=0x0000015b6d366b04 sp=0x00000007709fa560
Event: 23.958 Thread 0x0000015b5dcf18e0 DEOPT UNPACKING pc=0x0000015b6cb323a3 sp=0x00000007709fa458 mode 2

Classes unloaded (0 events):
No events

Classes redefined (0 events):
No events

Internal exceptions (20 events):
Event: 15.312 Thread 0x0000015b5dcf18e0 Exception <a 'java/lang/NoSuchMethodError'{0x000000008b7acaa0}: 'java.lang.Object java.lang.invoke.DirectMethodHandle$Holder.invokeSpecial(java.lang.Object, java.lang.Object, java.lang.Object, java.lang.Object, java.lang.Object, int)'> (0x000000008b7acaa0) 
thrown [s\open\src\hotspot\share\interpreter\linkResolver.cpp, line 759]
Event: 15.312 Thread 0x0000015b5dcf18e0 Exception <a 'java/lang/NoSuchMethodError'{0x000000008b7b0a30}: 'java.lang.Object java.lang.invoke.Invokers$Holder.linkToTargetMethod(java.lang.Object, java.lang.Object, java.lang.Object, int, java.lang.Object)'> (0x000000008b7b0a30) 
thrown [s\open\src\hotspot\share\interpreter\linkResolver.cpp, line 759]
Event: 15.381 Thread 0x0000015b5dcf18e0 Exception <a 'java/lang/NoSuchMethodError'{0x000000008b5d84c8}: 'java.lang.Object java.lang.invoke.DirectMethodHandle$Holder.newInvokeSpecial(java.lang.Object, java.lang.Object, java.lang.Object, java.lang.Object, int, java.lang.Object, java.lang.Object)'> (0x000000008b5d84c8) 
thrown [s\open\src\hotspot\share\interpreter\linkResolver.cpp, line 759]
Event: 15.381 Thread 0x0000015b5dcf18e0 Exception <a 'java/lang/NoSuchMethodError'{0x000000008b5e1ac0}: 'java.lang.Object java.lang.invoke.Invokers$Holder.linkToTargetMethod(java.lang.Object, java.lang.Object, java.lang.Object, int, java.lang.Object, java.lang.Object, java.lang.Object)'> (0x000000008b5e1ac0) 
thrown [s\open\src\hotspot\share\interpreter\linkResolver.cpp, line 759]
Event: 15.836 Thread 0x0000015b5dcf18e0 Exception <a 'java/lang/NoSuchMethodError'{0x000000008a89ee18}: 'java.lang.Object java.lang.invoke.DirectMethodHandle$Holder.newInvokeSpecial(java.lang.Object, java.lang.Object, java.lang.Object, java.lang.Object, java.lang.Object, java.lang.Object, java.lang.Object, java.lang.Object, java.lang.Object)'> (0x000000008a89ee18) 
thrown [s\open\src\hotspot\share\interpreter\linkResolver.cpp, line 759]
Event: 15.837 Thread 0x0000015b5dcf18e0 Exception <a 'java/lang/NoSuchMethodError'{0x000000008a8a46d8}: 'java.lang.Object java.lang.invoke.DirectMethodHandle$Holder.invokeSpecial(java.lang.Object, java.lang.Object, java.lang.Object, java.lang.Object, java.lang.Object, java.lang.Object, java.lang.Object, java.lang.Object, java.lang.Object, java.lang.Object)'> (0x000000008a8a46d8) 
thrown [s\open\src\hotspot\share\interpreter\linkResolver.cpp, line 759]
Event: 15.837 Thread 0x0000015b5dcf18e0 Exception <a 'java/lang/NoSuchMethodError'{0x000000008a8a8f48}: 'java.lang.Object java.lang.invoke.Invokers$Holder.linkToTargetMethod(java.lang.Object, java.lang.Object, java.lang.Object, java.lang.Object, java.lang.Object, java.lang.Object, java.lang.Object, java.lang.Object, java.lang.Object)'> (0x000000008a8a8f48) 
thrown [s\open\src\hotspot\share\interpreter\linkResolver.cpp, line 759]
Event: 15.845 Thread 0x0000015b5dcf18e0 Exception <a 'java/lang/NoSuchMethodError'{0x000000008a8e7290}: 'java.lang.Object java.lang.invoke.DirectMethodHandle$Holder.newInvokeSpecial(java.lang.Object, java.lang.Object, java.lang.Object, int)'> (0x000000008a8e7290) 
thrown [s\open\src\hotspot\share\interpreter\linkResolver.cpp, line 759]
Event: 15.845 Thread 0x0000015b5dcf18e0 Exception <a 'java/lang/NoSuchMethodError'{0x000000008a8eb2f0}: 'java.lang.Object java.lang.invoke.DirectMethodHandle$Holder.invokeSpecial(java.lang.Object, java.lang.Object, java.lang.Object, java.lang.Object, int)'> (0x000000008a8eb2f0) 
thrown [s\open\src\hotspot\share\interpreter\linkResolver.cpp, line 759]
Event: 15.845 Thread 0x0000015b5dcf18e0 Exception <a 'java/lang/NoSuchMethodError'{0x000000008a8eeca0}: 'java.lang.Object java.lang.invoke.Invokers$Holder.linkToTargetMethod(java.lang.Object, java.lang.Object, int, java.lang.Object)'> (0x000000008a8eeca0) 
thrown [s\open\src\hotspot\share\interpreter\linkResolver.cpp, line 759]
Event: 15.942 Thread 0x0000015b5dcf18e0 Exception <a 'java/lang/NoSuchMethodError'{0x000000008a8ff550}: 'java.lang.Object java.lang.invoke.DirectMethodHandle$Holder.newInvokeSpecial(java.lang.Object, int, java.lang.Object)'> (0x000000008a8ff550) 
thrown [s\open\src\hotspot\share\interpreter\linkResolver.cpp, line 759]
Event: 15.948 Thread 0x0000015b5dcf18e0 Exception <a 'java/lang/NoSuchMethodError'{0x000000008a749188}: 'java.lang.Object java.lang.invoke.DirectMethodHandle$Holder.invokeSpecial(java.lang.Object, java.lang.Object, int, java.lang.Object, java.lang.Object)'> (0x000000008a749188) 
thrown [s\open\src\hotspot\share\interpreter\linkResolver.cpp, line 759]
Event: 15.951 Thread 0x0000015b5dcf18e0 Exception <a 'java/lang/NoSuchMethodError'{0x000000008a75b170}: 'java.lang.Object java.lang.invoke.DirectMethodHandle$Holder.invokeStatic(java.lang.Object, int, java.lang.Object, java.lang.Object)'> (0x000000008a75b170) 
thrown [s\open\src\hotspot\share\interpreter\linkResolver.cpp, line 759]
Event: 17.842 Thread 0x0000015b5dcf18e0 Exception <a 'java/lang/NoSuchMethodError'{0x000000008a458b38}: 'java.lang.Object java.lang.invoke.DirectMethodHandle$Holder.invokeStatic(java.lang.Object, java.lang.Object, java.lang.Object, int, java.lang.Object, java.lang.Object)'> (0x000000008a458b38) 
thrown [s\open\src\hotspot\share\interpreter\linkResolver.cpp, line 759]
Event: 21.190 Thread 0x0000015b5dcf18e0 Exception <a 'java/lang/NoSuchMethodError'{0x000000008cebdfb0}: 'java.lang.Object java.lang.invoke.DirectMethodHandle$Holder.newInvokeSpecial(java.lang.Object, int, java.lang.Object, java.lang.Object, java.lang.Object)'> (0x000000008cebdfb0) 
thrown [s\open\src\hotspot\share\interpreter\linkResolver.cpp, line 759]
Event: 21.191 Thread 0x0000015b5dcf18e0 Exception <a 'java/lang/NoSuchMethodError'{0x000000008cec6328}: 'java.lang.Object java.lang.invoke.Invokers$Holder.linkToTargetMethod(int, java.lang.Object, java.lang.Object, java.lang.Object, java.lang.Object)'> (0x000000008cec6328) 
thrown [s\open\src\hotspot\share\interpreter\linkResolver.cpp, line 759]
Event: 22.330 Thread 0x0000015b5dcf18e0 Exception <a 'java/lang/NoSuchMethodError'{0x000000008c5064b8}: 'java.lang.Object java.lang.invoke.DirectMethodHandle$Holder.newInvokeSpecial(java.lang.Object, java.lang.Object, java.lang.Object, java.lang.Object, java.lang.Object, int)'> (0x000000008c5064b8) 
thrown [s\open\src\hotspot\share\interpreter\linkResolver.cpp, line 759]
Event: 22.330 Thread 0x0000015b5dcf18e0 Exception <a 'java/lang/NoSuchMethodError'{0x000000008c50b668}: 'java.lang.Object java.lang.invoke.DirectMethodHandle$Holder.invokeSpecial(java.lang.Object, java.lang.Object, java.lang.Object, java.lang.Object, java.lang.Object, java.lang.Object, int)'> (0x000000008c50b668) 
thrown [s\open\src\hotspot\share\interpreter\linkResolver.cpp, line 759]
Event: 22.330 Thread 0x0000015b5dcf18e0 Exception <a 'java/lang/NoSuchMethodError'{0x000000008c5101a0}: 'java.lang.Object java.lang.invoke.Invokers$Holder.linkToTargetMethod(java.lang.Object, java.lang.Object, java.lang.Object, java.lang.Object, int, java.lang.Object)'> (0x000000008c5101a0) 
thrown [s\open\src\hotspot\share\interpreter\linkResolver.cpp, line 759]
Event: 23.073 Thread 0x0000015b5dcf18e0 Exception <a 'java/lang/NoSuchMethodError'{0x000000008a9f7f10}: 'java.lang.Object java.lang.invoke.DirectMethodHandle$Holder.invokeStatic(java.lang.Object, int, java.lang.Object)'> (0x000000008a9f7f10) 
thrown [s\open\src\hotspot\share\interpreter\linkResolver.cpp, line 759]

VM Operations (20 events):
Event: 22.841 Executing VM operation: ICBufferFull
Event: 22.841 Executing VM operation: ICBufferFull done
Event: 23.048 Executing VM operation: ICBufferFull
Event: 23.048 Executing VM operation: ICBufferFull done
Event: 23.063 Executing VM operation: HandshakeAllThreads
Event: 23.063 Executing VM operation: HandshakeAllThreads done
Event: 23.066 Executing VM operation: HandshakeAllThreads
Event: 23.066 Executing VM operation: HandshakeAllThreads done
Event: 23.067 Executing VM operation: HandshakeAllThreads
Event: 23.067 Executing VM operation: HandshakeAllThreads done
Event: 23.135 Executing VM operation: G1CollectForAllocation
Event: 23.153 Executing VM operation: G1CollectForAllocation done
Event: 23.373 Executing VM operation: ICBufferFull
Event: 23.373 Executing VM operation: ICBufferFull done
Event: 23.601 Executing VM operation: ICBufferFull
Event: 23.601 Executing VM operation: ICBufferFull done
Event: 23.800 Executing VM operation: ICBufferFull
Event: 23.800 Executing VM operation: ICBufferFull done
Event: 23.934 Executing VM operation: G1CollectForAllocation
Event: 23.955 Executing VM operation: G1CollectForAllocation done

Events (20 events):
Event: 22.115 Thread 0x0000015b7bc34f50 flushing nmethod 0x0000015b65eabc10
Event: 22.115 Thread 0x0000015b7bc34f50 flushing nmethod 0x0000015b65ebad10
Event: 22.115 Thread 0x0000015b7bc34f50 flushing nmethod 0x0000015b65ed0b90
Event: 22.115 Thread 0x0000015b7bc34f50 flushing nmethod 0x0000015b65ed9890
Event: 22.115 Thread 0x0000015b7bc34f50 flushing nmethod 0x0000015b65efb690
Event: 22.115 Thread 0x0000015b7bc34f50 flushing nmethod 0x0000015b65f05390
Event: 22.115 Thread 0x0000015b7bc34f50 flushing nmethod 0x0000015b65f06210
Event: 22.115 Thread 0x0000015b7bc34f50 flushing nmethod 0x0000015b65f08890
Event: 22.115 Thread 0x0000015b7bc34f50 flushing nmethod 0x0000015b65f12e10
Event: 22.115 Thread 0x0000015b7bc34f50 flushing nmethod 0x0000015b65f40290
Event: 22.115 Thread 0x0000015b7bc34f50 flushing nmethod 0x0000015b65f42c90
Event: 22.115 Thread 0x0000015b7bc34f50 flushing nmethod 0x0000015b65f46910
Event: 22.115 Thread 0x0000015b7bc34f50 flushing nmethod 0x0000015b65f47890
Event: 22.116 Thread 0x0000015b7bc34f50 flushing nmethod 0x0000015b65f63590
Event: 22.116 Thread 0x0000015b7bc34f50 flushing nmethod 0x0000015b65f70010
Event: 22.116 Thread 0x0000015b7bc34f50 flushing nmethod 0x0000015b65f89610
Event: 22.116 Thread 0x0000015b7bc34f50 flushing nmethod 0x0000015b65f8cd10
Event: 22.116 Thread 0x0000015b7bc34f50 flushing nmethod 0x0000015b66015810
Event: 22.810 loading class java/lang/Byte$ByteCache
Event: 22.810 loading class java/lang/Byte$ByteCache done


Dynamic libraries:
0x00007ff6d2480000 - 0x00007ff6d2490000 	C:\Program Files\Java\jdk-17\bin\java.exe
0x00007ffffd7f0000 - 0x00007ffffda08000 	C:\WINDOWS\SYSTEM32\ntdll.dll
0x00007ffffcb00000 - 0x00007ffffcbc4000 	C:\WINDOWS\System32\KERNEL32.DLL
0x00007ffffac60000 - 0x00007ffffb033000 	C:\WINDOWS\System32\KERNELBASE.dll
0x00007ffffb370000 - 0x00007ffffb481000 	C:\WINDOWS\System32\ucrtbase.dll
0x00007fffe91c0000 - 0x00007fffe91db000 	C:\Program Files\Java\jdk-17\bin\VCRUNTIME140.dll
0x00007fffe87c0000 - 0x00007fffe87d9000 	C:\Program Files\Java\jdk-17\bin\jli.dll
0x00007ffffcbd0000 - 0x00007ffffcc81000 	C:\WINDOWS\System32\ADVAPI32.dll
0x00007ffffb490000 - 0x00007ffffb537000 	C:\WINDOWS\System32\msvcrt.dll
0x00007ffffd380000 - 0x00007ffffd428000 	C:\WINDOWS\System32\sechost.dll
0x00007ffffa9a0000 - 0x00007ffffa9c8000 	C:\WINDOWS\System32\bcrypt.dll
0x00007ffffb5f0000 - 0x00007ffffb708000 	C:\WINDOWS\System32\RPCRT4.dll
0x00007ffffd5f0000 - 0x00007ffffd7a2000 	C:\WINDOWS\System32\USER32.dll
0x00007fffe59e0000 - 0x00007fffe5c7c000 	C:\WINDOWS\WinSxS\amd64_microsoft.windows.common-controls_6595b64144ccf1df_6.0.22621.6060_none_2712eda17382d24b\COMCTL32.dll
0x00007ffffa8f0000 - 0x00007ffffa916000 	C:\WINDOWS\System32\win32u.dll
0x00007ffffba40000 - 0x00007ffffba69000 	C:\WINDOWS\System32\GDI32.dll
0x00007ffffa9d0000 - 0x00007ffffaaf3000 	C:\WINDOWS\System32\gdi32full.dll
0x00007ffffabc0000 - 0x00007ffffac5a000 	C:\WINDOWS\System32\msvcp_win.dll
0x00007ffff5f20000 - 0x00007ffff5f2a000 	C:\WINDOWS\SYSTEM32\VERSION.dll
0x00007ffffce10000 - 0x00007ffffce41000 	C:\WINDOWS\System32\IMM32.DLL
0x00007fffe8720000 - 0x00007fffe872c000 	C:\Program Files\Java\jdk-17\bin\vcruntime140_1.dll
0x00007fffc5890000 - 0x00007fffc591e000 	C:\Program Files\Java\jdk-17\bin\msvcp140.dll
0x00007fff9ca80000 - 0x00007fff9d660000 	C:\Program Files\Java\jdk-17\bin\server\jvm.dll
0x00007ffffc100000 - 0x00007ffffc108000 	C:\WINDOWS\System32\PSAPI.DLL
0x00007ffff5fe0000 - 0x00007ffff6014000 	C:\WINDOWS\SYSTEM32\WINMM.dll
0x00007ffff5d20000 - 0x00007ffff5d29000 	C:\WINDOWS\SYSTEM32\WSOCK32.dll
0x00007ffffb570000 - 0x00007ffffb5e1000 	C:\WINDOWS\System32\WS2_32.dll
0x00007ffff9880000 - 0x00007ffff9898000 	C:\WINDOWS\SYSTEM32\kernel.appcore.dll
0x00007fffe8540000 - 0x00007fffe854a000 	C:\Program Files\Java\jdk-17\bin\jimage.dll
0x00007fffee4e0000 - 0x00007fffee713000 	C:\WINDOWS\SYSTEM32\DBGHELP.DLL
0x00007ffffce50000 - 0x00007ffffd1e2000 	C:\WINDOWS\System32\combase.dll
0x00007ffffcd30000 - 0x00007ffffce08000 	C:\WINDOWS\System32\OLEAUT32.dll
0x00007fffdd850000 - 0x00007fffdd882000 	C:\WINDOWS\SYSTEM32\dbgcore.DLL
0x00007ffffa920000 - 0x00007ffffa99b000 	C:\WINDOWS\System32\bcryptPrimitives.dll
0x00007fffe8500000 - 0x00007fffe8525000 	C:\Program Files\Java\jdk-17\bin\java.dll
0x00007fffc52c0000 - 0x00007fffc5397000 	C:\Program Files\Java\jdk-17\bin\jsvml.dll
0x00007ffffc1b0000 - 0x00007ffffca4e000 	C:\WINDOWS\System32\SHELL32.dll
0x00007ffffb040000 - 0x00007ffffb17f000 	C:\WINDOWS\System32\wintypes.dll
0x00007ffff8780000 - 0x00007ffff9098000 	C:\WINDOWS\SYSTEM32\windows.storage.dll
0x00007ffffd1f0000 - 0x00007ffffd2f4000 	C:\WINDOWS\System32\SHCORE.dll
0x00007ffffc110000 - 0x00007ffffc179000 	C:\WINDOWS\System32\shlwapi.dll
0x00007ffffa820000 - 0x00007ffffa845000 	C:\WINDOWS\SYSTEM32\profapi.dll
0x00007fffe8320000 - 0x00007fffe8339000 	C:\Program Files\Java\jdk-17\bin\net.dll
0x00007ffff7320000 - 0x00007ffff744c000 	C:\WINDOWS\SYSTEM32\WINHTTP.dll
0x00007ffff9d40000 - 0x00007ffff9da9000 	C:\WINDOWS\system32\mswsock.dll
0x00007fffe8200000 - 0x00007fffe8216000 	C:\Program Files\Java\jdk-17\bin\nio.dll
0x00007fffe84e0000 - 0x00007fffe84f8000 	C:\Program Files\Java\jdk-17\bin\zip.dll
0x00007fffe8080000 - 0x00007fffe8090000 	C:\Program Files\Java\jdk-17\bin\verify.dll

dbghelp: loaded successfully - version: 4.0.5 - missing functions: none
symbol engine: initialized successfully - sym options: 0x614 - pdb path: .;C:\Program Files\Java\jdk-17\bin;C:\WINDOWS\SYSTEM32;C:\WINDOWS\WinSxS\amd64_microsoft.windows.common-controls_6595b64144ccf1df_6.0.22621.6060_none_2712eda17382d24b;C:\Program Files\Java\jdk-17\bin\server

VM Arguments:
java_command: org.jetbrains.kotlin.cli.jvm.K2JVMCompiler @C:\Users\dell\AndroidStudioProjects\QuickBiteFinalProject\app\build\20251123_8691752436243408911.compiler.options
java_class_path (initial): C:\Users\dell\.gradle\caches\modules-2\files-2.1\org.jetbrains.kotlin\kotlin-compiler-embeddable\2.0.21\79346ed53db48b18312a472602eb5c057070c54d\kotlin-compiler-embeddable-2.0.21.jar;C:\Users\dell\.gradle\caches\modules-2\files-2.1\org.jetbrains.kotlin\kotlin-stdlib\2.0.21\618b539767b4899b4660a83006e052b63f1db551\kotlin-stdlib-2.0.21.jar;C:\Users\dell\.gradle\caches\modules-2\files-2.1\org.jetbrains.kotlin\kotlin-script-runtime\2.0.21\c9b044380ad41f89aa89aa896c2d32a8c0b2129d\kotlin-script-runtime-2.0.21.jar;C:\Users\dell\.gradle\caches\modules-2\files-2.1\org.jetbrains.kotlin\kotlin-reflect\1.6.10\1cbe9c92c12a94eea200d23c2bbaedaf3daf5132\kotlin-reflect-1.6.10.jar;C:\Users\dell\.gradle\caches\modules-2\files-2.1\org.jetbrains.kotlin\kotlin-daemon-embeddable\2.0.21\c9e933b23287de9b5a17e2116b4657bb91aea72c\kotlin-daemon-embeddable-2.0.21.jar;C:\Users\dell\.gradle\caches\modules-2\files-2.1\org.jetbrains.intellij.deps\trove4j\1.0.20200330\3afb14d5f9ceb459d724e907a21145e8ff394f02\trove4j-1.0.20200330.jar;C:\Users\dell\.gradle\caches\modules-2\files-2.1\org.jetbrains.kotlinx\kotlinx-coroutines-core-jvm\1.6.4\2c997cd1c0ef33f3e751d3831929aeff1390cb30\kotlinx-coroutines-core-jvm-1.6.4.jar;C:\Users\dell\.gradle\caches\modules-2\files-2.1\org.jetbrains\annotations\13.0\919f0dfe192fb4e063e7dacadee7f8bb9a2672a9\annotations-13.0.jar
Launcher Type: SUN_STANDARD

[Global flags]
     intx CICompilerCount                          = 4                                         {product} {ergonomic}
     uint ConcGCThreads                            = 2                                         {product} {ergonomic}
     uint G1ConcRefinementThreads                  = 8                                         {product} {ergonomic}
   size_t G1HeapRegionSize                         = 1048576                                   {product} {ergonomic}
    uintx GCDrainStackTargetSize                   = 64                                        {product} {ergonomic}
   size_t InitialHeapSize                          = 132120576                                 {product} {ergonomic}
   size_t MarkStackSize                            = 4194304                                   {product} {ergonomic}
   size_t MaxHeapSize                              = 2086666240                                {product} {ergonomic}
   size_t MaxNewSize                               = 1251999744                                {product} {ergonomic}
   size_t MinHeapDeltaBytes                        = 1048576                                   {product} {ergonomic}
   size_t MinHeapSize                              = 8388608                                   {product} {ergonomic}
    uintx NonNMethodCodeHeapSize                   = 5839372                                {pd product} {ergonomic}
    uintx NonProfiledCodeHeapSize                  = 122909434                              {pd product} {ergonomic}
    uintx ProfiledCodeHeapSize                     = 122909434                              {pd product} {ergonomic}
    uintx ReservedCodeCacheSize                    = 251658240                              {pd product} {ergonomic}
     bool SegmentedCodeCache                       = true                                      {product} {ergonomic}
   size_t SoftMaxHeapSize                          = 2086666240                             {manageable} {ergonomic}
     bool UseCompressedClassPointers               = true                           {product lp64_product} {ergonomic}
     bool UseCompressedOops                        = true                           {product lp64_product} {ergonomic}
     bool UseG1GC                                  = true                                      {product} {ergonomic}
     bool UseLargePagesIndividualAllocation        = false                                  {pd product} {ergonomic}

Logging:
Log output configuration:
 #0: stdout all=warning uptime,level,tags
 #1: stderr all=off uptime,level,tags

Environment Variables:
JAVA_HOME=C:\Program Files\Java\jdk-17
PATH=C:\Program Files\Common Files\Oracle\Java\javapath;C:\WINDOWS\system32;C:\WINDOWS;C:\WINDOWS\System32\Wbem;C:\WINDOWS\System32\WindowsPowerShell\v1.0\;C:\WINDOWS\System32\OpenSSH\;C:\Program Files\dotnet\;C:\Program Files\PuTTY\;C:\Program Files\nodejs\;C:\Program Files (x86)\Windows Kits\10\Windows Performance Toolkit\;C:\Program Files\Git\cmd;C:\Users\dell\AppData\Local\Microsoft\WindowsApps;C:\Users\dell\AppData\Local\atom\bin;D:\Microsoft VS Code\bin;D:\Brackets\;C:\Users\dell\AppData\Local\Microsoft\WindowsApps;C:\Users\dell\AppData\Roaming\npm;C:\Users\dell\AppData\Local\Microsoft\WinGet\Packages\Schniz.fnm_Microsoft.Winget.Source_8wekyb3d8bbwe;C:\Users\dell\AppData\Local\GitHubDesktop\bin;C:\php;C:\Users\dell\AppData\Local\ComposerSetup\bin;C:\Users\dell\AppData\Roaming\Composer\vendor\bin;C:\Program Files\MySQL\MySQL Server 8.4\bin;C:\flutter\bin;C:\Program Files\Java\jdk-17\bin;C:\Program Files\Java\jdk-17\bin;C:\Users\dell\AppData\Local\Android\Sdk\cmdline-tools\bin;C:\Users\dell\AppData\Local\Pub\Cache\bin;C:\Users\dell\.dotnet\tools
USERNAME=dell
OS=Windows_NT
PROCESSOR_IDENTIFIER=Intel64 Family 6 Model 142 Stepping 12, GenuineIntel



---------------  S Y S T E M  ---------------

OS:
 Windows 11 , 64 bit Build 22621 (10.0.22621.5415)
OS uptime: 3 days 16:01 hours
Hyper-V role detected

CPU: total 8 (initial active 8) (4 cores per cpu, 2 threads per core) family 6 model 142 stepping 12 microcode 0xfc, cx8, cmov, fxsr, ht, mmx, 3dnowpref, sse, sse2, sse3, ssse3, sse4.1, sse4.2, popcnt, lzcnt, tsc, tscinvbit, avx, avx2, aes, erms, clmul, bmi1, bmi2, adx, fma, vzeroupper, clflush, clflushopt, hv

Memory: 4k page, system-wide physical 7952M (123M free)
TotalPageFile size 32528M (AvailPageFile size 11M)
current process WorkingSet (physical memory assigned to process): 267M, peak: 277M
current process commit charge ("private bytes"): 353M, peak: 353M

vm_info: Java HotSpot(TM) 64-Bit Server VM (17.0.12+8-LTS-286) for windows-amd64 JRE (17.0.12+8-LTS-286), built on Jun  5 2024 06:46:59 by "mach5one" with MS VC++ 17.6 (VS2022)

END.
